[08/04/2025][03:19] [INFO] My log is talking..
[08/04/2025][03:20][INFO] My log is talking..
[08/04/2025][03:20] [INFO] My log is talking..
[08/04/2025][03:32] [START] =============== Server started ===============
[08/04/2025][03:41] [START] =============== Server started ===============
[08/04/2025][03:41] [INFO] Genexpr buffer : file:///Users/bss/Dropbox/max/gen/nvim_test.genexpr
[08/04/2025][08:47] [START] =============== Server started ===============
[08/04/2025][08:47] [INFO] Genexpr buffer : file:///Users/bss/Dropbox/max/gen/nvim_test.genexpr
[08/04/2025][08:47] [INFO] Found a match : out1,out1
[08/04/2025][08:48] [INFO] Found a match : out1,out1
[08/04/2025][08:48] [INFO] Found a match : out1,out1
[08/04/2025][08:48] [INFO] Found a match : in,in
[08/04/2025][08:48] [INFO] Found a match : out1,out1
[08/04/2025][08:48] [INFO] Found a match : in1,in1
[08/04/2025][08:48] [INFO] Found a match : out1,out1
[08/04/2025][08:48] [INFO] Found a match : in12,in12
[08/04/2025][08:48] [INFO] Found a match : out1,out1
[08/04/2025][08:48] [INFO] Found a match : in1,in1
[08/04/2025][08:48] [INFO] Found a match : out1,out1
[08/04/2025][08:48] [INFO] Found a match : in,in
[08/04/2025][08:48] [INFO] Found a match : out1,out1
[08/04/2025][08:48] [INFO] Found a match : in1,in1
[08/04/2025][08:48] [INFO] Found a match : out1,out1
[08/04/2025][08:48] [INFO] Found a match : out1,out1
[08/04/2025][08:48] [INFO] Found a match : out1,out1
[08/04/2025][08:48] [INFO] Found a match : out1,out1
[08/04/2025][08:50] [INFO] Found a match : out1,out1
[08/04/2025][08:50] [INFO] Found a match : out1,out1
[08/04/2025][08:50] [INFO] Found a match : out1,out1
[08/04/2025][08:50] [INFO] Found a match : out1,out1
[08/04/2025][08:51] [START] =============== Server started ===============
[08/04/2025][08:51] [INFO] Genexpr buffer : file:///Users/bss/Dropbox/max/gen/nvim_test.genexpr
[08/04/2025][08:51] [INFO] Found a match : out1
[08/04/2025][08:52] [INFO] Found a match : out1
[08/04/2025][08:52] [INFO] Found a match : out1
[08/04/2025][08:52] [INFO] Found a match : out2
[08/04/2025][08:52] [INFO] Found a match : out1
[08/04/2025][08:52] [INFO] Found a match : out2
[08/04/2025][08:52] [INFO] Found a match : out1
[08/04/2025][08:52] [INFO] Found a match : out2
[08/04/2025][08:52] [INFO] Found a match : out1
[08/04/2025][08:52] [INFO] Found a match : out2
[08/04/2025][08:52] [INFO] Found a match : out3
[08/04/2025][08:52] [INFO] Found a match : out1
[08/04/2025][08:52] [INFO] Found a match : out2
[08/04/2025][08:52] [INFO] Found a match : out3
[08/04/2025][08:52] [INFO] Found a match : out1
[08/04/2025][08:52] [INFO] Found a match : out2
[08/04/2025][08:52] [INFO] Found a match : out3
[08/04/2025][08:52] [INFO] Found a match : out1
[08/04/2025][08:52] [INFO] Found a match : out2
[08/04/2025][08:52] [INFO] Found a match : out3
[08/04/2025][08:52] [INFO] Found a match : out
[08/04/2025][08:59] [INFO] Found a match : out1
[08/04/2025][08:59] [INFO] Found a match : out1
[08/04/2025][08:59] [INFO] Found a match : out1
[08/04/2025][08:59] [INFO] Found a match : out1
[08/04/2025][08:59] [INFO] Found a match : out
[08/04/2025][08:59] [INFO] Found a match : out1
[08/04/2025][09:03] [START] =============== Server started ===============
[08/04/2025][09:03] [INFO] Genexpr buffer : file:///Users/bss/Dropbox/max/gen/nvim_test.genexpr
[08/04/2025][09:03] [INFO] Found token out1 at position 0 and length 4
[08/04/2025][09:03] [INFO] Found token out1 at position 0 and length 4
[08/04/2025][09:03] [INFO] Found token out1 at position 0 and length 4
[08/04/2025][09:03] [INFO] Found token out at position 0 and length 3
[08/04/2025][09:03] [INFO] Found token out1 at position 0 and length 4
[08/04/2025][09:03] [INFO] Found token out2 at position 0 and length 4
[08/04/2025][09:04] [INFO] Found token out1 at position 0 and length 4
[08/04/2025][09:04] [INFO] Found token out23 at position 0 and length 5
[08/04/2025][09:04] [INFO] Found token out1 at position 0 and length 4
[08/04/2025][09:04] [INFO] Found token out2 at position 0 and length 4
[08/04/2025][09:30] [INFO] Found token out1 at position 0 and length 4
[08/04/2025][09:30] [INFO] Found token out1 at position 0 and length 4
[08/04/2025][09:30] [START] =============== Server started ===============
[08/04/2025][09:30] [INFO] Genexpr buffer : file:///Users/bss/Dropbox/max/gen/nvim_test.genexpr
[08/04/2025][09:36] [START] =============== Server started ===============
[08/04/2025][09:36] [INFO] Genexpr buffer : file:///Users/bss/Dropbox/max/gen/nvim_test.genexpr
[08/04/2025][09:42] [START] =============== Server started ===============
[08/04/2025][09:42] [INFO] Genexpr buffer : file:///Users/bss/Dropbox/max/gen/nvim_test.genexpr
[08/04/2025][09:59] [START] =============== Server started ===============
[08/04/2025][09:59] [INFO] Genexpr buffer : file:///Users/bss/Dropbox/max/gen/nvim_test.genexpr
[08/04/2025][10:13] [START] =============== Server started ===============
[08/04/2025][10:13] [INFO] Genexpr buffer : file:///Users/bss/Dropbox/max/gen/nvim_test.genexpr
[08/04/2025][10:19] [START] =============== Server started ===============
[08/04/2025][10:19] [INFO] Genexpr buffer : file:///Users/bss/Dropbox/max/gen/nvim_test.genexpr
[08/04/2025][10:20] [START] =============== Server started ===============
[08/04/2025][10:20] [INFO] Genexpr buffer : file:///Users/bss/Dropbox/max/gen/nvim_test.genexpr
[08/04/2025][10:21] [START] =============== Server started ===============
[08/04/2025][10:21] [INFO] Genexpr buffer : file:///Users/bss/Dropbox/max/gen/nvim_test.genexpr
[08/04/2025][10:23] [START] =============== Server started ===============
[08/04/2025][10:23] [INFO] Genexpr buffer : file:///Users/bss/Dropbox/max/gen/nvim_test.genexpr
[08/04/2025][10:35] [START] =============== Server started ===============
[08/04/2025][10:35] [INFO] Genexpr buffer : file:///Users/bss/Dropbox/max/gen/nvim_test.genexpr
[08/04/2025][10:40] [START] =============== Server started ===============
[08/04/2025][10:40] [INFO] Genexpr buffer : file:///Users/bss/Dropbox/max/gen/nvim_test.genexpr
[08/04/2025][10:50] [START] =============== Server started ===============
[08/04/2025][10:50] [INFO] Genexpr buffer : file:///Users/bss/Dropbox/max/gen/nvim_test.genexpr
[08/04/2025][11:11] [START] =============== Server started ===============
[08/04/2025][11:11] [INFO] Genexpr buffer : file:///Users/bss/Dropbox/max/gen/nvim_test.genexpr
[08/04/2025][11:19] [START] =============== Server started ===============
[08/04/2025][11:19] [INFO] Genexpr buffer : file:///Users/bss/Dropbox/max/gen/nvim_test.genexpr
[08/04/2025][11:40] [START] =============== Server started ===============
[08/04/2025][11:40] [INFO] Genexpr buffer : file:///Users/bss/Dropbox/max/gen/nvim_test.genexpr
[08/04/2025][12:00] [START] =============== Server started ===============
[08/04/2025][12:00] [INFO] Genexpr buffer : file:///Users/bss/Dropbox/max/gen/nvim_test.genexpr
[08/04/2025][12:08] [START] =============== Server started ===============
[08/04/2025][12:08] [INFO] Genexpr buffer : file:///Users/bss/Dropbox/max/gen/nvim_test.genexpr
[08/04/2025][12:09] [START] =============== Server started ===============
[08/04/2025][12:09] [INFO] Genexpr buffer : file:///Users/bss/Dropbox/max/gen/nvim_test.genexpr
[08/04/2025][12:34] [START] =============== Server started ===============
[08/04/2025][12:34] [INFO] Genexpr buffer : file:///Users/bss/Dropbox/max/gen/nvim_test.genexpr
[08/04/2025][13:17] [START] =============== Server started ===============
[08/04/2025][13:17] [INFO] Genexpr buffer : file:///Users/bss/Dropbox/max/gen/nvim_test.genexpr
[08/04/2025][15:01] [START] =============== Server started ===============
[08/04/2025][15:01] [INFO] Genexpr buffer : file:///Users/bss/Dropbox/max/gen/nvim_test.genexpr
[08/04/2025][15:51] [START] =============== Server started ===============
[08/04/2025][16:10] [START] =============== Server started ===============
[08/04/2025][16:10] [INFO] Genexpr buffer : file:///Users/bss/Dropbox/max/gen/nvim_test.genexpr
[08/04/2025][16:10] [START] =============== Server started ===============
[08/04/2025][16:10] [INFO] Genexpr buffer : file:///Users/bss/Dropbox/max/gen/nvim_test.genexpr
[08/04/2025][16:16] [START] =============== Server started ===============
[08/04/2025][16:16] [INFO] Genexpr buffer : file:///Users/bss/Dropbox/max/gen/nvim_test.genexpr
[08/04/2025][16:35] [START] =============== Server started ===============
[08/04/2025][16:35] [INFO] Genexpr buffer : file:///Users/bss/Dropbox/max/gen/nvim_test.genexpr
[08/04/2025][16:36] [START] =============== Server started ===============
[08/04/2025][16:36] [INFO] Genexpr buffer : file:///Users/bss/Dropbox/max/gen/nvim_test.genexpr
[08/04/2025][16:37] [START] =============== Server started ===============
[08/04/2025][16:37] [INFO] Genexpr buffer : file:///Users/bss/Dropbox/max/gen/nvim_test.genexpr
[08/04/2025][16:37] [START] =============== Server started ===============
[08/04/2025][16:37] [INFO] Genexpr buffer : file:///Users/bss/Dropbox/max/gen/nvim_test.genexpr
[08/04/2025][16:37] [START] =============== Server started ===============
[08/04/2025][16:37] [INFO] Genexpr buffer : file:///Users/bss/Dropbox/max/gen/nvim_test.genexpr
[08/04/2025][16:38] [START] =============== Server started ===============
[08/04/2025][16:38] [INFO] Genexpr buffer : file:///Users/bss/Dropbox/max/gen/nvim_test.genexpr
[08/04/2025][16:40] [START] =============== Server started ===============
[08/04/2025][16:40] [INFO] Genexpr buffer : file:///Users/bss/Dropbox/max/gen/nvim_test.genexpr
[08/04/2025][17:15] [START] =============== Server started ===============
[08/04/2025][17:15] [INFO] Genexpr buffer : file:///Users/bss/Dropbox/max/gen/nvim_test.genexpr
[08/04/2025][17:15] [START] =============== Server started ===============
[09/04/2025][22:42] [INFO] ..............................Starting server..............................
[09/04/2025][23:19] [INFO] ..............................Starting server..............................
[09/04/2025][23:19] [INFO] A document was opened: file:///Users/bss/Dropbox/max/gen/nvim_test.genexpr
[10/04/2025][00:26] [INFO] ..............................Starting server..............................
[10/04/2025][00:26] [INFO] A document was opened: file:///Users/bss/Code/git/bsssssss/tree-sitter-genexpr/test.genexpr
[10/04/2025][01:30] [INFO] ..............................Starting server..............................
[10/04/2025][01:30] [INFO] A document was opened: file:///Users/bss/Code/projects/genexpr-language-server/test/test.genexpr
[10/04/2025][02:53] [INFO] ..............................Starting server..............................
[10/04/2025][02:53] [INFO] A document was opened: file:///Users/bss/Code/projects/genexpr-language-server/test/test.genexpr
[10/04/2025][02:55] [INFO] ..............................Starting server..............................
[10/04/2025][02:55] [INFO] A document was opened: file:///Users/bss/Code/projects/genexpr-language-server/test/test.genexpr
[10/04/2025][02:56] [INFO] ..............................Starting server..............................
[10/04/2025][02:56] [INFO] A document was opened: file:///Users/bss/Code/projects/genexpr-language-server/test/test.genexpr
[10/04/2025][18:07] [INFO] ..............................Starting server..............................
[10/04/2025][22:04] [INFO] ..............................Starting server..............................
[10/04/2025][22:04] [INFO] A document was opened: file:///Users/bss/Dropbox/max/gen/nvim_test.genexpr
[10/04/2025][22:06] [INFO] ..............................Starting server..............................
[10/04/2025][22:06] [INFO] A document was opened: file:///Users/bss/Dropbox/max/gen/nvim_test.genexpr
[10/04/2025][22:07] [INFO] ..............................Starting server..............................
[10/04/2025][22:07] [INFO] A document was opened: file:///Users/bss/Code/projects/genexpr-language-server/nvim_test.genexpr
[10/04/2025][22:07] [INFO] ..............................Starting server..............................
[10/04/2025][22:07] [INFO] A document was opened: file:///Users/bss/Dropbox/max/gen/nvim_test.genexpr
